[2024-10-23 09:31:12] production.ERROR: Please provide a valid cache path. {"exception":"[object] (InvalidArgumentException(code: 0): Please provide a valid cache path. at /home/u340794442/domains/mibadrissalam.sch.id/vendor/laravel/framework/src/Illuminate/View/Compilers/Compiler.php:67)
[stacktrace]
#0 /home/u340794442/domains/mibadrissalam.sch.id/vendor/laravel/framework/src/Illuminate/View/ViewServiceProvider.php(97): Illuminate\\View\\Compilers\\Compiler->__construct()
#1 /home/u340794442/domains/mibadrissalam.sch.id/vendor/laravel/framework/src/Illuminate/Container/Container.php(931): Illuminate\\View\\ViewServiceProvider->Illuminate\\View\\{closure}()
#2 /home/u340794442/domains/mibadrissalam.sch.id/vendor/laravel/framework/src/Illuminate/Container/Container.php(815): Illuminate\\Container\\Container->build()
#3 /home/u340794442/domains/mibadrissalam.sch.id/vendor/laravel/framework/src/Illuminate/Foundation/Application.php(1046): Illuminate\\Container\\Container->resolve()
#4 /home/u340794442/domains/mibadrissalam.sch.id/vendor/laravel/framework/src/Illuminate/Container/Container.php(751): Illuminate\\Foundation\\Application->resolve()
#5 /home/u340794442/domains/mibadrissalam.sch.id/vendor/laravel/framework/src/Illuminate/Foundation/Application.php(1028): Illuminate\\Container\\Container->make()
#6 /home/u340794442/domains/mibadrissalam.sch.id/vendor/laravel/framework/src/Illuminate/Container/Container.php(1559): Illuminate\\Foundation\\Application->make()
#7 /home/u340794442/domains/mibadrissalam.sch.id/vendor/laravel/framework/src/Illuminate/Support/Facades/Facade.php(237): Illuminate\\Container\\Container->offsetGet()
#8 /home/u340794442/domains/mibadrissalam.sch.id/vendor/laravel/framework/src/Illuminate/Support/Facades/Facade.php(208): Illuminate\\Support\\Facades\\Facade::resolveFacadeInstance()
#9 /home/u340794442/domains/mibadrissalam.sch.id/vendor/laravel/framework/src/Illuminate/Support/Facades/Facade.php(352): Illuminate\\Support\\Facades\\Facade::getFacadeRoot()
#10 /home/u340794442/domains/mibadrissalam.sch.id/vendor/blade-ui-kit/blade-icons/src/BladeIconsServiceProvider.php(106): Illuminate\\Support\\Facades\\Facade::__callStatic()
#11 /home/u340794442/domains/mibadrissalam.sch.id/vendor/blade-ui-kit/blade-icons/src/BladeIconsServiceProvider.php(27): BladeUI\\Icons\\BladeIconsServiceProvider->bootDirectives()
#12 /home/u340794442/domains/mibadrissalam.sch.id/vendor/laravel/framework/src/Illuminate/Container/BoundMethod.php(36): BladeUI\\Icons\\BladeIconsServiceProvider->boot()
#13 /home/u340794442/domains/mibadrissalam.sch.id/vendor/laravel/framework/src/Illuminate/Container/Util.php(43): Illuminate\\Container\\BoundMethod::Illuminate\\Container\\{closure}()
#14 /home/u340794442/domains/mibadrissalam.sch.id/vendor/laravel/framework/src/Illuminate/Container/BoundMethod.php(95): Illuminate\\Container\\Util::unwrapIfClosure()
#15 /home/u340794442/domains/mibadrissalam.sch.id/vendor/laravel/framework/src/Illuminate/Container/BoundMethod.php(35): Illuminate\\Container\\BoundMethod::callBoundMethod()
#16 /home/u340794442/domains/mibadrissalam.sch.id/vendor/laravel/framework/src/Illuminate/Container/Container.php(690): Illuminate\\Container\\BoundMethod::call()
#17 /home/u340794442/domains/mibadrissalam.sch.id/vendor/laravel/framework/src/Illuminate/Foundation/Application.php(1119): Illuminate\\Container\\Container->call()
#18 /home/u340794442/domains/mibadrissalam.sch.id/vendor/laravel/framework/src/Illuminate/Foundation/Application.php(1100): Illuminate\\Foundation\\Application->bootProvider()
#19 [internal function]: Illuminate\\Foundation\\Application->Illuminate\\Foundation\\{closure}()
#20 /home/u340794442/domains/mibadrissalam.sch.id/vendor/laravel/framework/src/Illuminate/Foundation/Application.php(1099): array_walk()
#21 /home/u340794442/domains/mibadrissalam.sch.id/vendor/laravel/framework/src/Illuminate/Foundation/Bootstrap/BootProviders.php(17): Illuminate\\Foundation\\Application->boot()
#22 /home/u340794442/domains/mibadrissalam.sch.id/vendor/laravel/framework/src/Illuminate/Foundation/Application.php(316): Illuminate\\Foundation\\Bootstrap\\BootProviders->bootstrap()
#23 /home/u340794442/domains/mibadrissalam.sch.id/vendor/laravel/framework/src/Illuminate/Foundation/Http/Kernel.php(187): Illuminate\\Foundation\\Application->bootstrapWith()
#24 /home/u340794442/domains/mibadrissalam.sch.id/vendor/laravel/framework/src/Illuminate/Foundation/Http/Kernel.php(171): Illuminate\\Foundation\\Http\\Kernel->bootstrap()
#25 /home/u340794442/domains/mibadrissalam.sch.id/vendor/laravel/framework/src/Illuminate/Foundation/Http/Kernel.php(145): Illuminate\\Foundation\\Http\\Kernel->sendRequestThroughRouter()
#26 /home/u340794442/domains/mibadrissalam.sch.id/vendor/laravel/framework/src/Illuminate/Foundation/Application.php(1188): Illuminate\\Foundation\\Http\\Kernel->handle()
#27 /home/u340794442/domains/mibadrissalam.sch.id/public/index.php(17): Illuminate\\Foundation\\Application->handleRequest()
#28 {main}
"} 
[2024-10-23 09:31:15] production.ERROR: Please provide a valid cache path. {"exception":"[object] (InvalidArgumentException(code: 0): Please provide a valid cache path. at /home/u340794442/domains/mibadrissalam.sch.id/vendor/laravel/framework/src/Illuminate/View/Compilers/Compiler.php:67)
[stacktrace]
#0 /home/u340794442/domains/mibadrissalam.sch.id/vendor/laravel/framework/src/Illuminate/View/ViewServiceProvider.php(97): Illuminate\\View\\Compilers\\Compiler->__construct()
#1 /home/u340794442/domains/mibadrissalam.sch.id/vendor/laravel/framework/src/Illuminate/Container/Container.php(931): Illuminate\\View\\ViewServiceProvider->Illuminate\\View\\{closure}()
#2 /home/u340794442/domains/mibadrissalam.sch.id/vendor/laravel/framework/src/Illuminate/Container/Container.php(815): Illuminate\\Container\\Container->build()
#3 /home/u340794442/domains/mibadrissalam.sch.id/vendor/laravel/framework/src/Illuminate/Foundation/Application.php(1046): Illuminate\\Container\\Container->resolve()
#4 /home/u340794442/domains/mibadrissalam.sch.id/vendor/laravel/framework/src/Illuminate/Container/Container.php(751): Illuminate\\Foundation\\Application->resolve()
#5 /home/u340794442/domains/mibadrissalam.sch.id/vendor/laravel/framework/src/Illuminate/Foundation/Application.php(1028): Illuminate\\Container\\Container->make()
#6 /home/u340794442/domains/mibadrissalam.sch.id/vendor/laravel/framework/src/Illuminate/Container/Container.php(1559): Illuminate\\Foundation\\Application->make()
#7 /home/u340794442/domains/mibadrissalam.sch.id/vendor/laravel/framework/src/Illuminate/Support/Facades/Facade.php(237): Illuminate\\Container\\Container->offsetGet()
#8 /home/u340794442/domains/mibadrissalam.sch.id/vendor/laravel/framework/src/Illuminate/Support/Facades/Facade.php(208): Illuminate\\Support\\Facades\\Facade::resolveFacadeInstance()
#9 /home/u340794442/domains/mibadrissalam.sch.id/vendor/laravel/framework/src/Illuminate/Support/Facades/Facade.php(352): Illuminate\\Support\\Facades\\Facade::getFacadeRoot()
#10 /home/u340794442/domains/mibadrissalam.sch.id/vendor/blade-ui-kit/blade-icons/src/BladeIconsServiceProvider.php(106): Illuminate\\Support\\Facades\\Facade::__callStatic()
#11 /home/u340794442/domains/mibadrissalam.sch.id/vendor/blade-ui-kit/blade-icons/src/BladeIconsServiceProvider.php(27): BladeUI\\Icons\\BladeIconsServiceProvider->bootDirectives()
#12 /home/u340794442/domains/mibadrissalam.sch.id/vendor/laravel/framework/src/Illuminate/Container/BoundMethod.php(36): BladeUI\\Icons\\BladeIconsServiceProvider->boot()
#13 /home/u340794442/domains/mibadrissalam.sch.id/vendor/laravel/framework/src/Illuminate/Container/Util.php(43): Illuminate\\Container\\BoundMethod::Illuminate\\Container\\{closure}()
#14 /home/u340794442/domains/mibadrissalam.sch.id/vendor/laravel/framework/src/Illuminate/Container/BoundMethod.php(95): Illuminate\\Container\\Util::unwrapIfClosure()
#15 /home/u340794442/domains/mibadrissalam.sch.id/vendor/laravel/framework/src/Illuminate/Container/BoundMethod.php(35): Illuminate\\Container\\BoundMethod::callBoundMethod()
#16 /home/u340794442/domains/mibadrissalam.sch.id/vendor/laravel/framework/src/Illuminate/Container/Container.php(690): Illuminate\\Container\\BoundMethod::call()
#17 /home/u340794442/domains/mibadrissalam.sch.id/vendor/laravel/framework/src/Illuminate/Foundation/Application.php(1119): Illuminate\\Container\\Container->call()
#18 /home/u340794442/domains/mibadrissalam.sch.id/vendor/laravel/framework/src/Illuminate/Foundation/Application.php(1100): Illuminate\\Foundation\\Application->bootProvider()
#19 [internal function]: Illuminate\\Foundation\\Application->Illuminate\\Foundation\\{closure}()
#20 /home/u340794442/domains/mibadrissalam.sch.id/vendor/laravel/framework/src/Illuminate/Foundation/Application.php(1099): array_walk()
#21 /home/u340794442/domains/mibadrissalam.sch.id/vendor/laravel/framework/src/Illuminate/Foundation/Bootstrap/BootProviders.php(17): Illuminate\\Foundation\\Application->boot()
#22 /home/u340794442/domains/mibadrissalam.sch.id/vendor/laravel/framework/src/Illuminate/Foundation/Application.php(316): Illuminate\\Foundation\\Bootstrap\\BootProviders->bootstrap()
#23 /home/u340794442/domains/mibadrissalam.sch.id/vendor/laravel/framework/src/Illuminate/Foundation/Http/Kernel.php(187): Illuminate\\Foundation\\Application->bootstrapWith()
#24 /home/u340794442/domains/mibadrissalam.sch.id/vendor/laravel/framework/src/Illuminate/Foundation/Http/Kernel.php(171): Illuminate\\Foundation\\Http\\Kernel->bootstrap()
#25 /home/u340794442/domains/mibadrissalam.sch.id/vendor/laravel/framework/src/Illuminate/Foundation/Http/Kernel.php(145): Illuminate\\Foundation\\Http\\Kernel->sendRequestThroughRouter()
#26 /home/u340794442/domains/mibadrissalam.sch.id/vendor/laravel/framework/src/Illuminate/Foundation/Application.php(1188): Illuminate\\Foundation\\Http\\Kernel->handle()
#27 /home/u340794442/domains/mibadrissalam.sch.id/public/index.php(17): Illuminate\\Foundation\\Application->handleRequest()
#28 {main}
"} 
[2024-10-23 09:31:16] production.ERROR: Please provide a valid cache path. {"exception":"[object] (InvalidArgumentException(code: 0): Please provide a valid cache path. at /home/u340794442/domains/mibadrissalam.sch.id/vendor/laravel/framework/src/Illuminate/View/Compilers/Compiler.php:67)
[stacktrace]
#0 /home/u340794442/domains/mibadrissalam.sch.id/vendor/laravel/framework/src/Illuminate/View/ViewServiceProvider.php(97): Illuminate\\View\\Compilers\\Compiler->__construct()
#1 /home/u340794442/domains/mibadrissalam.sch.id/vendor/laravel/framework/src/Illuminate/Container/Container.php(931): Illuminate\\View\\ViewServiceProvider->Illuminate\\View\\{closure}()
#2 /home/u340794442/domains/mibadrissalam.sch.id/vendor/laravel/framework/src/Illuminate/Container/Container.php(815): Illuminate\\Container\\Container->build()
#3 /home/u340794442/domains/mibadrissalam.sch.id/vendor/laravel/framework/src/Illuminate/Foundation/Application.php(1046): Illuminate\\Container\\Container->resolve()
#4 /home/u340794442/domains/mibadrissalam.sch.id/vendor/laravel/framework/src/Illuminate/Container/Container.php(751): Illuminate\\Foundation\\Application->resolve()
#5 /home/u340794442/domains/mibadrissalam.sch.id/vendor/laravel/framework/src/Illuminate/Foundation/Application.php(1028): Illuminate\\Container\\Container->make()
#6 /home/u340794442/domains/mibadrissalam.sch.id/vendor/laravel/framework/src/Illuminate/Container/Container.php(1559): Illuminate\\Foundation\\Application->make()
#7 /home/u340794442/domains/mibadrissalam.sch.id/vendor/laravel/framework/src/Illuminate/Support/Facades/Facade.php(237): Illuminate\\Container\\Container->offsetGet()
#8 /home/u340794442/domains/mibadrissalam.sch.id/vendor/laravel/framework/src/Illuminate/Support/Facades/Facade.php(208): Illuminate\\Support\\Facades\\Facade::resolveFacadeInstance()
#9 /home/u340794442/domains/mibadrissalam.sch.id/vendor/laravel/framework/src/Illuminate/Support/Facades/Facade.php(352): Illuminate\\Support\\Facades\\Facade::getFacadeRoot()
#10 /home/u340794442/domains/mibadrissalam.sch.id/vendor/blade-ui-kit/blade-icons/src/BladeIconsServiceProvider.php(106): Illuminate\\Support\\Facades\\Facade::__callStatic()
#11 /home/u340794442/domains/mibadrissalam.sch.id/vendor/blade-ui-kit/blade-icons/src/BladeIconsServiceProvider.php(27): BladeUI\\Icons\\BladeIconsServiceProvider->bootDirectives()
#12 /home/u340794442/domains/mibadrissalam.sch.id/vendor/laravel/framework/src/Illuminate/Container/BoundMethod.php(36): BladeUI\\Icons\\BladeIconsServiceProvider->boot()
#13 /home/u340794442/domains/mibadrissalam.sch.id/vendor/laravel/framework/src/Illuminate/Container/Util.php(43): Illuminate\\Container\\BoundMethod::Illuminate\\Container\\{closure}()
#14 /home/u340794442/domains/mibadrissalam.sch.id/vendor/laravel/framework/src/Illuminate/Container/BoundMethod.php(95): Illuminate\\Container\\Util::unwrapIfClosure()
#15 /home/u340794442/domains/mibadrissalam.sch.id/vendor/laravel/framework/src/Illuminate/Container/BoundMethod.php(35): Illuminate\\Container\\BoundMethod::callBoundMethod()
#16 /home/u340794442/domains/mibadrissalam.sch.id/vendor/laravel/framework/src/Illuminate/Container/Container.php(690): Illuminate\\Container\\BoundMethod::call()
#17 /home/u340794442/domains/mibadrissalam.sch.id/vendor/laravel/framework/src/Illuminate/Foundation/Application.php(1119): Illuminate\\Container\\Container->call()
#18 /home/u340794442/domains/mibadrissalam.sch.id/vendor/laravel/framework/src/Illuminate/Foundation/Application.php(1100): Illuminate\\Foundation\\Application->bootProvider()
#19 [internal function]: Illuminate\\Foundation\\Application->Illuminate\\Foundation\\{closure}()
#20 /home/u340794442/domains/mibadrissalam.sch.id/vendor/laravel/framework/src/Illuminate/Foundation/Application.php(1099): array_walk()
#21 /home/u340794442/domains/mibadrissalam.sch.id/vendor/laravel/framework/src/Illuminate/Foundation/Bootstrap/BootProviders.php(17): Illuminate\\Foundation\\Application->boot()
#22 /home/u340794442/domains/mibadrissalam.sch.id/vendor/laravel/framework/src/Illuminate/Foundation/Application.php(316): Illuminate\\Foundation\\Bootstrap\\BootProviders->bootstrap()
#23 /home/u340794442/domains/mibadrissalam.sch.id/vendor/laravel/framework/src/Illuminate/Foundation/Http/Kernel.php(187): Illuminate\\Foundation\\Application->bootstrapWith()
#24 /home/u340794442/domains/mibadrissalam.sch.id/vendor/laravel/framework/src/Illuminate/Foundation/Http/Kernel.php(171): Illuminate\\Foundation\\Http\\Kernel->bootstrap()
#25 /home/u340794442/domains/mibadrissalam.sch.id/vendor/laravel/framework/src/Illuminate/Foundation/Http/Kernel.php(145): Illuminate\\Foundation\\Http\\Kernel->sendRequestThroughRouter()
#26 /home/u340794442/domains/mibadrissalam.sch.id/vendor/laravel/framework/src/Illuminate/Foundation/Application.php(1188): Illuminate\\Foundation\\Http\\Kernel->handle()
#27 /home/u340794442/domains/mibadrissalam.sch.id/public/index.php(17): Illuminate\\Foundation\\Application->handleRequest()
#28 {main}
"} 
[2024-10-23 09:31:23] production.ERROR: Please provide a valid cache path. {"exception":"[object] (InvalidArgumentException(code: 0): Please provide a valid cache path. at /home/u340794442/domains/mibadrissalam.sch.id/vendor/laravel/framework/src/Illuminate/View/Compilers/Compiler.php:67)
[stacktrace]
#0 /home/u340794442/domains/mibadrissalam.sch.id/vendor/laravel/framework/src/Illuminate/View/ViewServiceProvider.php(97): Illuminate\\View\\Compilers\\Compiler->__construct()
#1 /home/u340794442/domains/mibadrissalam.sch.id/vendor/laravel/framework/src/Illuminate/Container/Container.php(931): Illuminate\\View\\ViewServiceProvider->Illuminate\\View\\{closure}()
#2 /home/u340794442/domains/mibadrissalam.sch.id/vendor/laravel/framework/src/Illuminate/Container/Container.php(815): Illuminate\\Container\\Container->build()
#3 /home/u340794442/domains/mibadrissalam.sch.id/vendor/laravel/framework/src/Illuminate/Foundation/Application.php(1046): Illuminate\\Container\\Container->resolve()
#4 /home/u340794442/domains/mibadrissalam.sch.id/vendor/laravel/framework/src/Illuminate/Container/Container.php(751): Illuminate\\Foundation\\Application->resolve()
#5 /home/u340794442/domains/mibadrissalam.sch.id/vendor/laravel/framework/src/Illuminate/Foundation/Application.php(1028): Illuminate\\Container\\Container->make()
#6 /home/u340794442/domains/mibadrissalam.sch.id/vendor/laravel/framework/src/Illuminate/Container/Container.php(1559): Illuminate\\Foundation\\Application->make()
#7 /home/u340794442/domains/mibadrissalam.sch.id/vendor/laravel/framework/src/Illuminate/Support/Facades/Facade.php(237): Illuminate\\Container\\Container->offsetGet()
#8 /home/u340794442/domains/mibadrissalam.sch.id/vendor/laravel/framework/src/Illuminate/Support/Facades/Facade.php(208): Illuminate\\Support\\Facades\\Facade::resolveFacadeInstance()
#9 /home/u340794442/domains/mibadrissalam.sch.id/vendor/laravel/framework/src/Illuminate/Support/Facades/Facade.php(352): Illuminate\\Support\\Facades\\Facade::getFacadeRoot()
#10 /home/u340794442/domains/mibadrissalam.sch.id/vendor/blade-ui-kit/blade-icons/src/BladeIconsServiceProvider.php(106): Illuminate\\Support\\Facades\\Facade::__callStatic()
#11 /home/u340794442/domains/mibadrissalam.sch.id/vendor/blade-ui-kit/blade-icons/src/BladeIconsServiceProvider.php(27): BladeUI\\Icons\\BladeIconsServiceProvider->bootDirectives()
#12 /home/u340794442/domains/mibadrissalam.sch.id/vendor/laravel/framework/src/Illuminate/Container/BoundMethod.php(36): BladeUI\\Icons\\BladeIconsServiceProvider->boot()
#13 /home/u340794442/domains/mibadrissalam.sch.id/vendor/laravel/framework/src/Illuminate/Container/Util.php(43): Illuminate\\Container\\BoundMethod::Illuminate\\Container\\{closure}()
#14 /home/u340794442/domains/mibadrissalam.sch.id/vendor/laravel/framework/src/Illuminate/Container/BoundMethod.php(95): Illuminate\\Container\\Util::unwrapIfClosure()
#15 /home/u340794442/domains/mibadrissalam.sch.id/vendor/laravel/framework/src/Illuminate/Container/BoundMethod.php(35): Illuminate\\Container\\BoundMethod::callBoundMethod()
#16 /home/u340794442/domains/mibadrissalam.sch.id/vendor/laravel/framework/src/Illuminate/Container/Container.php(690): Illuminate\\Container\\BoundMethod::call()
#17 /home/u340794442/domains/mibadrissalam.sch.id/vendor/laravel/framework/src/Illuminate/Foundation/Application.php(1119): Illuminate\\Container\\Container->call()
#18 /home/u340794442/domains/mibadrissalam.sch.id/vendor/laravel/framework/src/Illuminate/Foundation/Application.php(1100): Illuminate\\Foundation\\Application->bootProvider()
#19 [internal function]: Illuminate\\Foundation\\Application->Illuminate\\Foundation\\{closure}()
#20 /home/u340794442/domains/mibadrissalam.sch.id/vendor/laravel/framework/src/Illuminate/Foundation/Application.php(1099): array_walk()
#21 /home/u340794442/domains/mibadrissalam.sch.id/vendor/laravel/framework/src/Illuminate/Foundation/Bootstrap/BootProviders.php(17): Illuminate\\Foundation\\Application->boot()
#22 /home/u340794442/domains/mibadrissalam.sch.id/vendor/laravel/framework/src/Illuminate/Foundation/Application.php(316): Illuminate\\Foundation\\Bootstrap\\BootProviders->bootstrap()
#23 /home/u340794442/domains/mibadrissalam.sch.id/vendor/laravel/framework/src/Illuminate/Foundation/Http/Kernel.php(187): Illuminate\\Foundation\\Application->bootstrapWith()
#24 /home/u340794442/domains/mibadrissalam.sch.id/vendor/laravel/framework/src/Illuminate/Foundation/Http/Kernel.php(171): Illuminate\\Foundation\\Http\\Kernel->bootstrap()
#25 /home/u340794442/domains/mibadrissalam.sch.id/vendor/laravel/framework/src/Illuminate/Foundation/Http/Kernel.php(145): Illuminate\\Foundation\\Http\\Kernel->sendRequestThroughRouter()
#26 /home/u340794442/domains/mibadrissalam.sch.id/vendor/laravel/framework/src/Illuminate/Foundation/Application.php(1188): Illuminate\\Foundation\\Http\\Kernel->handle()
#27 /home/u340794442/domains/mibadrissalam.sch.id/public/index.php(17): Illuminate\\Foundation\\Application->handleRequest()
#28 {main}
"} 
[2024-10-23 09:34:52] production.ERROR: Please provide a valid cache path. {"exception":"[object] (InvalidArgumentException(code: 0): Please provide a valid cache path. at /home/u340794442/domains/mibadrissalam.sch.id/vendor/laravel/framework/src/Illuminate/View/Compilers/Compiler.php:67)
[stacktrace]
#0 /home/u340794442/domains/mibadrissalam.sch.id/vendor/laravel/framework/src/Illuminate/View/ViewServiceProvider.php(97): Illuminate\\View\\Compilers\\Compiler->__construct()
#1 /home/u340794442/domains/mibadrissalam.sch.id/vendor/laravel/framework/src/Illuminate/Container/Container.php(931): Illuminate\\View\\ViewServiceProvider->Illuminate\\View\\{closure}()
#2 /home/u340794442/domains/mibadrissalam.sch.id/vendor/laravel/framework/src/Illuminate/Container/Container.php(815): Illuminate\\Container\\Container->build()
#3 /home/u340794442/domains/mibadrissalam.sch.id/vendor/laravel/framework/src/Illuminate/Foundation/Application.php(1046): Illuminate\\Container\\Container->resolve()
#4 /home/u340794442/domains/mibadrissalam.sch.id/vendor/laravel/framework/src/Illuminate/Container/Container.php(751): Illuminate\\Foundation\\Application->resolve()
#5 /home/u340794442/domains/mibadrissalam.sch.id/vendor/laravel/framework/src/Illuminate/Foundation/Application.php(1028): Illuminate\\Container\\Container->make()
#6 /home/u340794442/domains/mibadrissalam.sch.id/vendor/laravel/framework/src/Illuminate/Container/Container.php(1559): Illuminate\\Foundation\\Application->make()
#7 /home/u340794442/domains/mibadrissalam.sch.id/vendor/laravel/framework/src/Illuminate/Support/Facades/Facade.php(237): Illuminate\\Container\\Container->offsetGet()
#8 /home/u340794442/domains/mibadrissalam.sch.id/vendor/laravel/framework/src/Illuminate/Support/Facades/Facade.php(208): Illuminate\\Support\\Facades\\Facade::resolveFacadeInstance()
#9 /home/u340794442/domains/mibadrissalam.sch.id/vendor/laravel/framework/src/Illuminate/Support/Facades/Facade.php(352): Illuminate\\Support\\Facades\\Facade::getFacadeRoot()
#10 /home/u340794442/domains/mibadrissalam.sch.id/vendor/blade-ui-kit/blade-icons/src/BladeIconsServiceProvider.php(106): Illuminate\\Support\\Facades\\Facade::__callStatic()
#11 /home/u340794442/domains/mibadrissalam.sch.id/vendor/blade-ui-kit/blade-icons/src/BladeIconsServiceProvider.php(27): BladeUI\\Icons\\BladeIconsServiceProvider->bootDirectives()
#12 /home/u340794442/domains/mibadrissalam.sch.id/vendor/laravel/framework/src/Illuminate/Container/BoundMethod.php(36): BladeUI\\Icons\\BladeIconsServiceProvider->boot()
#13 /home/u340794442/domains/mibadrissalam.sch.id/vendor/laravel/framework/src/Illuminate/Container/Util.php(43): Illuminate\\Container\\BoundMethod::Illuminate\\Container\\{closure}()
#14 /home/u340794442/domains/mibadrissalam.sch.id/vendor/laravel/framework/src/Illuminate/Container/BoundMethod.php(95): Illuminate\\Container\\Util::unwrapIfClosure()
#15 /home/u340794442/domains/mibadrissalam.sch.id/vendor/laravel/framework/src/Illuminate/Container/BoundMethod.php(35): Illuminate\\Container\\BoundMethod::callBoundMethod()
#16 /home/u340794442/domains/mibadrissalam.sch.id/vendor/laravel/framework/src/Illuminate/Container/Container.php(690): Illuminate\\Container\\BoundMethod::call()
#17 /home/u340794442/domains/mibadrissalam.sch.id/vendor/laravel/framework/src/Illuminate/Foundation/Application.php(1119): Illuminate\\Container\\Container->call()
#18 /home/u340794442/domains/mibadrissalam.sch.id/vendor/laravel/framework/src/Illuminate/Foundation/Application.php(1100): Illuminate\\Foundation\\Application->bootProvider()
#19 [internal function]: Illuminate\\Foundation\\Application->Illuminate\\Foundation\\{closure}()
#20 /home/u340794442/domains/mibadrissalam.sch.id/vendor/laravel/framework/src/Illuminate/Foundation/Application.php(1099): array_walk()
#21 /home/u340794442/domains/mibadrissalam.sch.id/vendor/laravel/framework/src/Illuminate/Foundation/Bootstrap/BootProviders.php(17): Illuminate\\Foundation\\Application->boot()
#22 /home/u340794442/domains/mibadrissalam.sch.id/vendor/laravel/framework/src/Illuminate/Foundation/Application.php(316): Illuminate\\Foundation\\Bootstrap\\BootProviders->bootstrap()
#23 /home/u340794442/domains/mibadrissalam.sch.id/vendor/laravel/framework/src/Illuminate/Foundation/Http/Kernel.php(187): Illuminate\\Foundation\\Application->bootstrapWith()
#24 /home/u340794442/domains/mibadrissalam.sch.id/vendor/laravel/framework/src/Illuminate/Foundation/Http/Kernel.php(171): Illuminate\\Foundation\\Http\\Kernel->bootstrap()
#25 /home/u340794442/domains/mibadrissalam.sch.id/vendor/laravel/framework/src/Illuminate/Foundation/Http/Kernel.php(145): Illuminate\\Foundation\\Http\\Kernel->sendRequestThroughRouter()
#26 /home/u340794442/domains/mibadrissalam.sch.id/vendor/laravel/framework/src/Illuminate/Foundation/Application.php(1188): Illuminate\\Foundation\\Http\\Kernel->handle()
#27 /home/u340794442/domains/mibadrissalam.sch.id/public/index.php(17): Illuminate\\Foundation\\Application->handleRequest()
#28 {main}
"} 
